{"/home/bruna-de-paula/estudos/treinamentoVue3/dashboard/src/hooks/useStore.js": {"path":"/home/bruna-de-paula/estudos/treinamentoVue3/dashboard/src/hooks/useStore.js","statementMap":{"0":{"start":{"line":4,"column":4},"end":{"line":6,"column":5}},"1":{"start":{"line":5,"column":8},"end":{"line":5,"column":28}},"2":{"start":{"line":7,"column":4},"end":{"line":7,"column":16}}},"fnMap":{"0":{"name":"useStore","decl":{"start":{"line":3,"column":24},"end":{"line":3,"column":32}},"loc":{"start":{"line":3,"column":41},"end":{"line":8,"column":1}},"line":3}},"branchMap":{"0":{"loc":{"start":{"line":4,"column":4},"end":{"line":6,"column":5}},"type":"if","locations":[{"start":{"line":4,"column":4},"end":{"line":6,"column":5}},{"start":{},"end":{}}],"line":4}},"s":{"0":4,"1":0,"2":4},"f":{"0":4},"b":{"0":[0,4]},"_coverageSchema":"1a1c01bbd47fc00a2c39e90264f33305004495a9","hash":"af906c9b0a4cda15e958fcfb261e81e803254c89"}
,"/home/bruna-de-paula/estudos/treinamentoVue3/dashboard/src/services/auth.js": {"path":"/home/bruna-de-paula/estudos/treinamentoVue3/dashboard/src/services/auth.js","statementMap":{"0":{"start":{"line":1,"column":32},"end":{"line":39,"column":1}},"1":{"start":{"line":4,"column":21},"end":{"line":4,"column":85}},"2":{"start":{"line":6,"column":17},"end":{"line":6,"column":21}},"3":{"start":{"line":8,"column":4},"end":{"line":13,"column":5}},"4":{"start":{"line":9,"column":6},"end":{"line":12,"column":8}},"5":{"start":{"line":15,"column":4},"end":{"line":18,"column":6}},"6":{"start":{"line":22,"column":21},"end":{"line":22,"column":78}},"7":{"start":{"line":24,"column":17},"end":{"line":24,"column":21}},"8":{"start":{"line":26,"column":4},"end":{"line":31,"column":5}},"9":{"start":{"line":27,"column":6},"end":{"line":30,"column":8}},"10":{"start":{"line":33,"column":4},"end":{"line":36,"column":6}}},"fnMap":{"0":{"name":"(anonymous_0)","decl":{"start":{"line":1,"column":15},"end":{"line":1,"column":16}},"loc":{"start":{"line":1,"column":32},"end":{"line":39,"column":1}},"line":1},"1":{"name":"(anonymous_1)","decl":{"start":{"line":3,"column":12},"end":{"line":3,"column":13}},"loc":{"start":{"line":3,"column":45},"end":{"line":19,"column":3}},"line":3},"2":{"name":"(anonymous_2)","decl":{"start":{"line":21,"column":9},"end":{"line":21,"column":10}},"loc":{"start":{"line":21,"column":40},"end":{"line":37,"column":3}},"line":21}},"branchMap":{"0":{"loc":{"start":{"line":8,"column":4},"end":{"line":13,"column":5}},"type":"if","locations":[{"start":{"line":8,"column":4},"end":{"line":13,"column":5}},{"start":{},"end":{}}],"line":8},"1":{"loc":{"start":{"line":26,"column":4},"end":{"line":31,"column":5}},"type":"if","locations":[{"start":{"line":26,"column":4},"end":{"line":31,"column":5}},{"start":{},"end":{}}],"line":26}},"s":{"0":3,"1":1,"2":1,"3":1,"4":0,"5":1,"6":2,"7":2,"8":2,"9":1,"10":2},"f":{"0":3,"1":1,"2":2},"b":{"0":[0,1],"1":[1,1]},"_coverageSchema":"1a1c01bbd47fc00a2c39e90264f33305004495a9","hash":"c4db9ee2a39a17bce75dea8800668ae29b87adf9"}
,"/home/bruna-de-paula/estudos/treinamentoVue3/dashboard/src/store/global.js": {"path":"/home/bruna-de-paula/estudos/treinamentoVue3/dashboard/src/store/global.js","statementMap":{"0":{"start":{"line":3,"column":14},"end":{"line":5,"column":2}},"1":{"start":{"line":10,"column":4},"end":{"line":10,"column":28}}},"fnMap":{"0":{"name":"setGlobalLoading","decl":{"start":{"line":9,"column":16},"end":{"line":9,"column":32}},"loc":{"start":{"line":9,"column":42},"end":{"line":11,"column":1}},"line":9}},"branchMap":{},"s":{"0":1,"1":0},"f":{"0":0},"b":{},"_coverageSchema":"1a1c01bbd47fc00a2c39e90264f33305004495a9","hash":"9c801245e088fdbacd997405b301b58bc8b34c60"}
,"/home/bruna-de-paula/estudos/treinamentoVue3/dashboard/src/store/index.js": {"path":"/home/bruna-de-paula/estudos/treinamentoVue3/dashboard/src/store/index.js","statementMap":{},"fnMap":{},"branchMap":{},"s":{},"f":{},"b":{},"_coverageSchema":"1a1c01bbd47fc00a2c39e90264f33305004495a9","hash":"112f1810064e7ef8efcf6582b151bba3e35b047c"}
,"/home/bruna-de-paula/estudos/treinamentoVue3/dashboard/src/store/user.js": {"path":"/home/bruna-de-paula/estudos/treinamentoVue3/dashboard/src/store/user.js","statementMap":{"0":{"start":{"line":3,"column":25},"end":{"line":5,"column":1}},"1":{"start":{"line":7,"column":12},"end":{"line":7,"column":38}},"2":{"start":{"line":12,"column":2},"end":{"line":12,"column":37}},"3":{"start":{"line":16,"column":2},"end":{"line":16,"column":25}},"4":{"start":{"line":20,"column":2},"end":{"line":20,"column":27}},"5":{"start":{"line":24,"column":22},"end":{"line":27,"column":3}},"6":{"start":{"line":28,"column":2},"end":{"line":28,"column":34}}},"fnMap":{"0":{"name":"resetUserStore","decl":{"start":{"line":11,"column":16},"end":{"line":11,"column":30}},"loc":{"start":{"line":11,"column":33},"end":{"line":13,"column":1}},"line":11},"1":{"name":"cleanCurrentUser","decl":{"start":{"line":15,"column":16},"end":{"line":15,"column":32}},"loc":{"start":{"line":15,"column":35},"end":{"line":17,"column":1}},"line":15},"2":{"name":"setCurrentUser","decl":{"start":{"line":19,"column":16},"end":{"line":19,"column":30}},"loc":{"start":{"line":19,"column":37},"end":{"line":21,"column":1}},"line":19},"3":{"name":"setApiKey","decl":{"start":{"line":23,"column":16},"end":{"line":23,"column":25}},"loc":{"start":{"line":23,"column":34},"end":{"line":29,"column":1}},"line":23}},"branchMap":{},"s":{"0":1,"1":1,"2":3,"3":1,"4":2,"5":1,"6":1},"f":{"0":3,"1":1,"2":2,"3":1},"b":{},"_coverageSchema":"1a1c01bbd47fc00a2c39e90264f33305004495a9","hash":"6ba38128bbbca36cd1c33a5122a1508383df3b2d"}
,"/home/bruna-de-paula/estudos/treinamentoVue3/dashboard/src/utils/validators.js": {"path":"/home/bruna-de-paula/estudos/treinamentoVue3/dashboard/src/utils/validators.js","statementMap":{"0":{"start":{"line":2,"column":2},"end":{"line":4,"column":3}},"1":{"start":{"line":3,"column":4},"end":{"line":3,"column":39}},"2":{"start":{"line":5,"column":2},"end":{"line":7,"column":3}},"3":{"start":{"line":6,"column":4},"end":{"line":6,"column":37}},"4":{"start":{"line":9,"column":2},"end":{"line":9,"column":14}},"5":{"start":{"line":13,"column":2},"end":{"line":15,"column":3}},"6":{"start":{"line":14,"column":4},"end":{"line":14,"column":39}},"7":{"start":{"line":17,"column":18},"end":{"line":17,"column":74}},"8":{"start":{"line":19,"column":2},"end":{"line":21,"column":3}},"9":{"start":{"line":20,"column":4},"end":{"line":20,"column":45}},"10":{"start":{"line":23,"column":2},"end":{"line":23,"column":13}}},"fnMap":{"0":{"name":"validateEmptyAndLength3","decl":{"start":{"line":1,"column":16},"end":{"line":1,"column":39}},"loc":{"start":{"line":1,"column":47},"end":{"line":10,"column":1}},"line":1},"1":{"name":"validateEmptyAndEmail","decl":{"start":{"line":12,"column":16},"end":{"line":12,"column":37}},"loc":{"start":{"line":12,"column":45},"end":{"line":24,"column":1}},"line":12}},"branchMap":{"0":{"loc":{"start":{"line":2,"column":2},"end":{"line":4,"column":3}},"type":"if","locations":[{"start":{"line":2,"column":2},"end":{"line":4,"column":3}},{"start":{},"end":{}}],"line":2},"1":{"loc":{"start":{"line":5,"column":2},"end":{"line":7,"column":3}},"type":"if","locations":[{"start":{"line":5,"column":2},"end":{"line":7,"column":3}},{"start":{},"end":{}}],"line":5},"2":{"loc":{"start":{"line":13,"column":2},"end":{"line":15,"column":3}},"type":"if","locations":[{"start":{"line":13,"column":2},"end":{"line":15,"column":3}},{"start":{},"end":{}}],"line":13},"3":{"loc":{"start":{"line":19,"column":2},"end":{"line":21,"column":3}},"type":"if","locations":[{"start":{"line":19,"column":2},"end":{"line":21,"column":3}},{"start":{},"end":{}}],"line":19}},"s":{"0":3,"1":1,"2":2,"3":1,"4":1,"5":3,"6":1,"7":2,"8":2,"9":1,"10":1},"f":{"0":3,"1":3},"b":{"0":[1,2],"1":[1,1],"2":[1,2],"3":[1,1]},"_coverageSchema":"1a1c01bbd47fc00a2c39e90264f33305004495a9","hash":"ff7a077e95263e5a967b0cf4478bb8d5a5db79a3"}
}
