TN:
SF:src/services/auth.js
FN:1,(anonymous_0)
FN:3,(anonymous_1)
FN:21,(anonymous_2)
FNF:3
FNH:3
FNDA:3,(anonymous_0)
FNDA:1,(anonymous_1)
FNDA:2,(anonymous_2)
DA:1,3
DA:4,1
DA:6,1
DA:8,1
DA:9,0
DA:15,1
DA:22,2
DA:24,2
DA:26,2
DA:27,1
DA:33,2
LF:11
LH:10
BRDA:8,0,0,0
BRDA:8,0,1,1
BRDA:26,1,0,1
BRDA:26,1,1,1
BRF:4
BRH:3
end_of_record
TN:
SF:src/utils/validators.js
FN:1,validateEmptyAndLength3
FN:12,validateEmptyAndEmail
FNF:2
FNH:2
FNDA:3,validateEmptyAndLength3
FNDA:3,validateEmptyAndEmail
DA:2,3
DA:3,1
DA:5,2
DA:6,1
DA:9,1
DA:13,3
DA:14,1
DA:17,2
DA:19,2
DA:20,1
DA:23,1
LF:11
LH:11
BRDA:2,0,0,1
BRDA:2,0,1,2
BRDA:5,1,0,1
BRDA:5,1,1,1
BRDA:13,2,0,1
BRDA:13,2,1,2
BRDA:19,3,0,1
BRDA:19,3,1,1
BRF:8
BRH:8
end_of_record
